<?xml version="1.0" encoding="utf-8"?><testsuites><testsuite name="pytest" errors="0" failures="1" skipped="0" tests="2" time="0.052" timestamp="2022-12-06T16:00:23.399230" hostname="TS01-15"><testcase classname="test_main" name="test_can_add_item_to_cart" file="test_main.py" line="1" time="0.000"><system-out>--------------------------------- Captured Log ---------------------------------

--------------------------------- Captured Out ---------------------------------

</system-out><system-err>--------------------------------- Captured Err ---------------------------------

</system-err></testcase><testcase classname="test_main" name="test_when_item_added_then_cart_contains_item" file="test_main.py" line="6" time="0.001"><failure message="TypeError: argument of type 'NoneType' is not iterable">def test_when_item_added_then_cart_contains_item():
        cart = ShoppingCart()
        cart.add("apple")
&gt;       assert "apple" in cart.get_items() == 1
E       TypeError: argument of type 'NoneType' is not iterable

test_main.py:10: TypeError</failure><system-out>--------------------------------- Captured Log ---------------------------------

--------------------------------- Captured Out ---------------------------------

</system-out><system-err>--------------------------------- Captured Err ---------------------------------

</system-err></testcase></testsuite></testsuites>