<?xml version="1.0" encoding="utf-8"?><testsuites><testsuite name="pytest" errors="0" failures="0" skipped="0" tests="1" time="0.012" timestamp="2022-12-06T15:58:07.604799" hostname="TS01-05"><testcase classname="test_sample" name="test_Adding" file="test_sample.py" line="25" time="0.001"><system-out>--------------------------------- Captured Log ---------------------------------

--------------------------------- Captured Out ---------------------------------
['placeholder', 'placeholder', 'placeholder', 'placeholder', 'placeholder']

</system-out><system-err>--------------------------------- Captured Err ---------------------------------

</system-err></testcase></testsuite></testsuites>