<?xml version="1.0" encoding="utf-8"?><testsuites><testsuite name="pytest" errors="0" failures="0" skipped="0" tests="1" time="0.013" timestamp="2022-12-06T15:58:02.518566" hostname="TS01-05"><testcase classname="test_sample" name="test_A" file="test_sample.py" line="21" time="0.000"><system-out>--------------------------------- Captured Log ---------------------------------

--------------------------------- Captured Out ---------------------------------

</system-out><system-err>--------------------------------- Captured Err ---------------------------------

</system-err></testcase></testsuite></testsuites>